# JRE version: Java(TM) SE Runtime Environment (17.0.12+8) (build 17.0.12+8-LTS-286)
# Java VM: Java HotSpot(TM) 64-Bit Server VM (17.0.12+8-LTS-286, mixed mode, sharing, tiered, compressed oops, compressed class ptrs, g1 gc, windows-amd64)
GC Precious Log:
 CPUs: 12 total, 12 available
 Memory: 16072M
 Large Page Support: Disabled
 NUMA Support: Disabled
 Compressed Oops: Enabled (Zero based)
 Heap Region Size: 2M
 Heap Min Capacity: 8M
 Heap Initial Capacity: 252M
 Heap Max Capacity: 4020M
 Pre-touch: Disabled
 Parallel Workers: 10
 Concurrent Workers: 3
 Concurrent Refinement Workers: 10
 Periodic GC: Disabled
Heap:
 garbage-first heap   total 49152K, used 21599K [0x0000000704c00000, 0x0000000800000000)
  region size 2048K, 6 young (12288K), 1 survivors (2048K)
 Metaspace       used 27737K, committed 28224K, reserved 1114112K
  class space    used 3488K, committed 3712K, reserved 1048576K
GC Heap History (10 events):
Event: 0.322 GC heap before
{Heap before GC invocations=0 (full 0):
 garbage-first heap   total 258048K, used 20480K [0x0000000704c00000, 0x0000000800000000)
  region size 2048K, 11 young (22528K), 0 survivors (0K)
 Metaspace       used 6441K, committed 6656K, reserved 1114112K
  class space    used 796K, committed 896K, reserved 1048576K
}
Event: 0.325 GC heap after
{Heap after GC invocations=1 (full 0):
 garbage-first heap   total 258048K, used 4353K [0x0000000704c00000, 0x0000000800000000)
  region size 2048K, 2 young (4096K), 2 survivors (4096K)
 Metaspace       used 6441K, committed 6656K, reserved 1114112K
  class space    used 796K, committed 896K, reserved 1048576K
}
Event: 0.479 GC heap before
{Heap before GC invocations=1 (full 0):
 garbage-first heap   total 258048K, used 33025K [0x0000000704c00000, 0x0000000800000000)
  region size 2048K, 16 young (32768K), 2 survivors (4096K)
 Metaspace       used 13530K, committed 13760K, reserved 1114112K
  class space    used 1664K, committed 1792K, reserved 1048576K
}
Event: 0.482 GC heap after
{Heap after GC invocations=2 (full 0):
 garbage-first heap   total 258048K, used 6605K [0x0000000704c00000, 0x0000000800000000)
  region size 2048K, 2 young (4096K), 2 survivors (4096K)
 Metaspace       used 13530K, committed 13760K, reserved 1114112K
  class space    used 1664K, committed 1792K, reserved 1048576K
}
Event: 0.904 GC heap before
{Heap before GC invocations=2 (full 0):
 garbage-first heap   total 258048K, used 47565K [0x0000000704c00000, 0x0000000800000000)
  region size 2048K, 23 young (47104K), 2 survivors (4096K)
 Metaspace       used 21111K, committed 21504K, reserved 1114112K
  class space    used 2657K, committed 2880K, reserved 1048576K
}
Event: 0.908 GC heap after
{Heap after GC invocations=3 (full 0):
 garbage-first heap   total 258048K, used 10425K [0x0000000704c00000, 0x0000000800000000)
  region size 2048K, 3 young (6144K), 3 survivors (6144K)
 Metaspace       used 21111K, committed 21504K, reserved 1114112K
  class space    used 2657K, committed 2880K, reserved 1048576K
}
Event: 1.189 GC heap before
{Heap before GC invocations=4 (full 0):
 garbage-first heap   total 49152K, used 35001K [0x0000000704c00000, 0x0000000800000000)
  region size 2048K, 16 young (32768K), 3 survivors (6144K)
 Metaspace       used 25594K, committed 25984K, reserved 1114112K
  class space    used 3220K, committed 3392K, reserved 1048576K
}
Event: 1.192 GC heap after
{Heap after GC invocations=5 (full 0):
 garbage-first heap   total 49152K, used 12473K [0x0000000704c00000, 0x0000000800000000)
  region size 2048K, 4 young (8192K), 4 survivors (8192K)
 Metaspace       used 25594K, committed 25984K, reserved 1114112K
  class space    used 3220K, committed 3392K, reserved 1048576K
}
Event: 1.225 GC heap before
{Heap before GC invocations=5 (full 0):
 garbage-first heap   total 49152K, used 14521K [0x0000000704c00000, 0x0000000800000000)
  region size 2048K, 5 young (10240K), 4 survivors (8192K)
 Metaspace       used 25956K, committed 26368K, reserved 1114112K
  class space    used 3262K, committed 3456K, reserved 1048576K
}
Event: 1.228 GC heap after
{Heap after GC invocations=6 (full 0):
 garbage-first heap   total 49152K, used 13407K [0x0000000704c00000, 0x0000000800000000)
  region size 2048K, 1 young (2048K), 1 survivors (2048K)
 Metaspace       used 25956K, committed 26368K, reserved 1114112K
  class space    used 3262K, committed 3456K, reserved 1048576K
}

